# JRE version: OpenJDK Runtime Environment Temurin-17.0.5+8 (17.0.5+8) (build 17.0.5+8)
# Java VM: OpenJDK 64-Bit Server VM Temurin-17.0.5+8 (17.0.5+8, mixed mode, emulated-client, tiered, compressed oops, compressed class ptrs, g1 gc, bsd-amd64)
GC Precious Log:
 CPUs: 8 total, 8 available
 Memory: 16384M
 Large Page Support: Disabled
 NUMA Support: Disabled
 Compressed Oops: Enabled (Zero based)
 Heap Region Size: 2M
 Heap Min Capacity: 8M
 Heap Initial Capacity: 256M
 Heap Max Capacity: 4G
 Pre-touch: Disabled
 Parallel Workers: 8
 Concurrent Workers: 2
 Concurrent Refinement Workers: 8
 Periodic GC: Disabled
Heap:
 garbage-first heap   total 102400K, used 61245K [0x0000000700000000, 0x0000000800000000)
  region size 2048K, 11 young (22528K), 3 survivors (6144K)
 Metaspace       used 66410K, committed 67072K, reserved 1114112K
  class space    used 8363K, committed 8704K, reserved 1048576K
GC Heap History (20 events):
Event: 3.985 GC heap before
{Heap before GC invocations=13 (full 0):
 garbage-first heap   total 161792K, used 111813K [0x0000000700000000, 0x0000000800000000)
  region size 2048K, 47 young (96256K), 1 survivors (2048K)
 Metaspace       used 49100K, committed 49536K, reserved 1097728K
  class space    used 6247K, committed 6464K, reserved 1048576K
}
Event: 3.989 GC heap after
{Heap after GC invocations=14 (full 0):
 garbage-first heap   total 161792K, used 21419K [0x0000000700000000, 0x0000000800000000)
  region size 2048K, 3 young (6144K), 3 survivors (6144K)
 Metaspace       used 49100K, committed 49536K, reserved 1097728K
  class space    used 6247K, committed 6464K, reserved 1048576K
}
Event: 4.407 GC heap before
{Heap before GC invocations=14 (full 0):
 garbage-first heap   total 161792K, used 111531K [0x0000000700000000, 0x0000000800000000)
  region size 2048K, 47 young (96256K), 3 survivors (6144K)
 Metaspace       used 50518K, committed 50944K, reserved 1097728K
  class space    used 6424K, committed 6656K, reserved 1048576K
}
Event: 4.415 GC heap after
{Heap after GC invocations=15 (full 0):
 garbage-first heap   total 161792K, used 29656K [0x0000000700000000, 0x0000000800000000)
  region size 2048K, 6 young (12288K), 6 survivors (12288K)
 Metaspace       used 50518K, committed 50944K, reserved 1097728K
  class space    used 6424K, committed 6656K, reserved 1048576K
}
Event: 7.348 GC heap before
{Heap before GC invocations=15 (full 0):
 garbage-first heap   total 161792K, used 111576K [0x0000000700000000, 0x0000000800000000)
  region size 2048K, 47 young (96256K), 6 survivors (12288K)
 Metaspace       used 59552K, committed 60032K, reserved 1105920K
  class space    used 7572K, committed 7808K, reserved 1048576K
}
Event: 7.357 GC heap after
{Heap after GC invocations=16 (full 0):
 garbage-first heap   total 161792K, used 34813K [0x0000000700000000, 0x0000000800000000)
  region size 2048K, 3 young (6144K), 3 survivors (6144K)
 Metaspace       used 59552K, committed 60032K, reserved 1105920K
  class space    used 7572K, committed 7808K, reserved 1048576K
}
Event: 7.365 GC heap before
{Heap before GC invocations=16 (full 0):
 garbage-first heap   total 161792K, used 34813K [0x0000000700000000, 0x0000000800000000)
  region size 2048K, 4 young (8192K), 3 survivors (6144K)
 Metaspace       used 59644K, committed 60096K, reserved 1105920K
  class space    used 7582K, committed 7808K, reserved 1048576K
}
Event: 7.368 GC heap after
{Heap after GC invocations=17 (full 0):
 garbage-first heap   total 161792K, used 34085K [0x0000000700000000, 0x0000000800000000)
  region size 2048K, 3 young (6144K), 3 survivors (6144K)
 Metaspace       used 59644K, committed 60096K, reserved 1105920K
  class space    used 7582K, committed 7808K, reserved 1048576K
}
Event: 12.936 GC heap before
{Heap before GC invocations=18 (full 0):
 garbage-first heap   total 131072K, used 111909K [0x0000000700000000, 0x0000000800000000)
  region size 2048K, 39 young (79872K), 3 survivors (6144K)
 Metaspace       used 64916K, committed 65536K, reserved 1105920K
  class space    used 8169K, committed 8448K, reserved 1048576K
}
Event: 12.942 GC heap after
{Heap after GC invocations=19 (full 0):
 garbage-first heap   total 131072K, used 39456K [0x0000000700000000, 0x0000000800000000)
  region size 2048K, 5 young (10240K), 5 survivors (10240K)
 Metaspace       used 64916K, committed 65536K, reserved 1105920K
  class space    used 8169K, committed 8448K, reserved 1048576K
}
Event: 12.962 GC heap before
{Heap before GC invocations=19 (full 0):
 garbage-first heap   total 131072K, used 41504K [0x0000000700000000, 0x0000000800000000)
  region size 2048K, 6 young (12288K), 5 survivors (10240K)
 Metaspace       used 65105K, committed 65664K, reserved 1114112K
  class space    used 8175K, committed 8448K, reserved 1048576K
}
Event: 12.966 GC heap after
{Heap after GC invocations=20 (full 0):
 garbage-first heap   total 131072K, used 39231K [0x0000000700000000, 0x0000000800000000)
  region size 2048K, 1 young (2048K), 1 survivors (2048K)
 Metaspace       used 65105K, committed 65664K, reserved 1114112K
  class space    used 8175K, committed 8448K, reserved 1048576K
}
Event: 173.120 GC heap before
{Heap before GC invocations=20 (full 0):
 garbage-first heap   total 131072K, used 71999K [0x0000000700000000, 0x0000000800000000)
  region size 2048K, 18 young (36864K), 1 survivors (2048K)
 Metaspace       used 66019K, committed 66688K, reserved 1114112K
  class space    used 8312K, committed 8640K, reserved 1048576K
}
Event: 173.181 GC heap after
{Heap after GC invocations=21 (full 1):
 garbage-first heap   total 102400K, used 27255K [0x0000000700000000, 0x0000000800000000)
  region size 2048K, 0 young (0K), 0 survivors (0K)
 Metaspace       used 66019K, committed 66688K, reserved 1114112K
  class space    used 8312K, committed 8640K, reserved 1048576K
}
Event: 173.799 GC heap before
{Heap before GC invocations=21 (full 1):
 garbage-first heap   total 102400K, used 74359K [0x0000000700000000, 0x0000000800000000)
  region size 2048K, 24 young (49152K), 0 survivors (0K)
 Metaspace       used 66205K, committed 66816K, reserved 1114112K
  class space    used 8340K, committed 8640K, reserved 1048576K
}
Event: 173.802 GC heap after
{Heap after GC invocations=22 (full 1):
 garbage-first heap   total 102400K, used 30314K [0x0000000700000000, 0x0000000800000000)
  region size 2048K, 2 young (4096K), 2 survivors (4096K)
 Metaspace       used 66205K, committed 66816K, reserved 1114112K
  class space    used 8340K, committed 8640K, reserved 1048576K
}
Event: 173.986 GC heap before
{Heap before GC invocations=22 (full 1):
 garbage-first heap   total 102400K, used 77418K [0x0000000700000000, 0x0000000800000000)
  region size 2048K, 25 young (51200K), 2 survivors (4096K)
 Metaspace       used 66311K, committed 67008K, reserved 1114112K
  class space    used 8351K, committed 8704K, reserved 1048576K
}
Event: 173.990 GC heap after
{Heap after GC invocations=23 (full 1):
 garbage-first heap   total 102400K, used 37067K [0x0000000700000000, 0x0000000800000000)
  region size 2048K, 4 young (8192K), 4 survivors (8192K)
 Metaspace       used 66311K, committed 67008K, reserved 1114112K
  class space    used 8351K, committed 8704K, reserved 1048576K
}
Event: 174.056 GC heap before
{Heap before GC invocations=23 (full 1):
 garbage-first heap   total 102400K, used 73931K [0x0000000700000000, 0x0000000800000000)
  region size 2048K, 23 young (47104K), 4 survivors (8192K)
 Metaspace       used 66344K, committed 67072K, reserved 1114112K
  class space    used 8356K, committed 8704K, reserved 1048576K
}
Event: 174.063 GC heap after
{Heap after GC invocations=24 (full 1):
 garbage-first heap   total 102400K, used 46909K [0x0000000700000000, 0x0000000800000000)
  region size 2048K, 3 young (6144K), 3 survivors (6144K)
 Metaspace       used 66344K, committed 67072K, reserved 1114112K
  class space    used 8356K, committed 8704K, reserved 1048576K
}

